{"C:\\Users\\piyus\\OneDrive\\Documents\\GitHub\\Basic-React\\src\\components\\ContactUs.jsx": {"path":"C:\\Users\\piyus\\OneDrive\\Documents\\GitHub\\Basic-React\\src\\components\\ContactUs.jsx","statementMap":{"0":{"start":{"line":3,"column":18},"end":{"line":9,"column":1}},"1":{"start":{"line":4,"column":4},"end":{"line":8,"column":5}}},"fnMap":{"0":{"name":"(anonymous_0)","decl":{"start":{"line":3,"column":18},"end":{"line":3,"column":19}},"loc":{"start":{"line":3,"column":22},"end":{"line":9,"column":1}},"line":3}},"branchMap":{},"s":{"0":1,"1":1},"f":{"0":1},"b":{},"_coverageSchema":"1a1c01bbd47fc00a2c39e90264f33305004495a9","hash":"293a7e96e0dffd7da623e90eaab02cca117c508d"}
,"C:\\Users\\piyus\\OneDrive\\Documents\\GitHub\\Basic-React\\src\\components\\Sum.jsx": {"path":"C:\\Users\\piyus\\OneDrive\\Documents\\GitHub\\Basic-React\\src\\components\\Sum.jsx","statementMap":{"0":{"start":{"line":3,"column":12},"end":{"line":5,"column":1}},"1":{"start":{"line":4,"column":4},"end":{"line":4,"column":16}}},"fnMap":{"0":{"name":"(anonymous_0)","decl":{"start":{"line":3,"column":12},"end":{"line":3,"column":13}},"loc":{"start":{"line":3,"column":19},"end":{"line":5,"column":1}},"line":3}},"branchMap":{},"s":{"0":1,"1":1},"f":{"0":1},"b":{},"_coverageSchema":"1a1c01bbd47fc00a2c39e90264f33305004495a9","hash":"f581df17f0ccbd927e4fdc4439f1e9df739cc2b2"}
}
